2022-02-17T18:51:28.213Z - info: Initializing jsreport (version: 3.4.1, configuration file: jsreport.config.json, nodejs: 16.13.0)
2022-02-17T18:51:28.217Z - info: Searching for available extensions in C:\Users\PdghProyectos\Desktop\PROYECTO\Usabi\jsreport\
2022-02-17T18:51:28.226Z - info: Extensions location cache C:\Users\PDGHPR~1\AppData\Local\Temp\jsreport\core\locations.json contains older information, crawling
2022-02-17T18:51:29.180Z - info: Found 35 extension(s)
2022-02-17T18:51:29.211Z - debug: Writing extension locations cache to C:\Users\PDGHPR~1\AppData\Local\Temp\jsreport\core\locations.json
2022-02-17T18:51:29.213Z - debug: Discovered 35 extensions
2022-02-17T18:51:29.260Z - debug: Extension authentication@3.2.0 is disabled, skipping
2022-02-17T18:51:29.262Z - info: Using extension base@3.0.0
2022-02-17T18:51:29.270Z - info: Using extension child-templates@3.0.1
2022-02-17T18:51:29.274Z - info: Using extension cli@3.1.0
2022-02-17T18:51:29.280Z - info: Using extension components@3.2.0
2022-02-17T18:51:29.282Z - info: Using extension data@3.0.1
2022-02-17T18:51:29.284Z - info: Using extension express@3.3.1
2022-02-17T18:51:29.622Z - info: Using extension freeze@3.0.1
2022-02-17T18:51:29.624Z - info: Using extension fs-store@3.1.0
2022-02-17T18:51:29.728Z - info: Using extension handlebars@3.0.0
2022-02-17T18:51:29.731Z - info: Using extension import-export@3.1.1
2022-02-17T18:51:29.746Z - info: Using extension jsrender@3.0.0
2022-02-17T18:51:29.748Z - info: Using extension licensing@3.0.2
2022-02-17T18:51:29.777Z - info: Using extension localization@3.2.0
2022-02-17T18:51:29.779Z - info: Using extension npm@3.1.1
2022-02-17T18:51:29.786Z - info: Using extension pdf-utils@3.3.0
2022-02-17T18:51:29.789Z - info: Using extension reports@3.0.3
2022-02-17T18:51:29.795Z - info: Using extension tags@3.1.0
2022-02-17T18:51:29.798Z - info: Using extension text@3.0.0
2022-02-17T18:51:29.800Z - info: Using extension version-control@3.1.0
2022-02-17T18:51:29.818Z - info: Using extension assets@3.3.0
2022-02-17T18:51:29.834Z - info: Using extension authorization@3.2.0
2022-02-17T18:51:29.839Z - debug: Extension authorization@3.2.0 was disabled
2022-02-17T18:51:29.839Z - info: Using extension browser-client@3.1.0
2022-02-17T18:51:29.843Z - info: Using extension chrome-pdf@3.1.0
2022-02-17T18:51:29.847Z - debug: Chrome strategy is chrome-pool, numberOfWorkers: 1
2022-02-17T18:51:29.847Z - info: Using extension docx@3.2.0
2022-02-17T18:51:29.851Z - info: Using extension html-to-xlsx@3.2.0
2022-02-17T18:51:29.934Z - info: html-to-xlsx detected chrome as available html engine
2022-02-17T18:51:29.935Z - info: Using extension pptx@3.1.0
2022-02-17T18:51:29.938Z - info: Using extension scheduling@3.0.1
2022-02-17T18:51:29.984Z - info: Using extension scripts@3.2.0
2022-02-17T18:51:29.986Z - info: Using extension static-pdf@3.0.0
2022-02-17T18:51:29.987Z - info: Using extension studio@3.4.0
2022-02-17T18:51:30.126Z - info: Using extension xlsx@3.1.0
2022-02-17T18:51:30.153Z - info: Using extension public-templates@3.0.0
2022-02-17T18:51:30.155Z - debug: Extension public-templates@3.0.0 was disabled
2022-02-17T18:51:30.156Z - info: Using extension sample-template@3.1.0
2022-02-17T18:51:30.159Z - info: Using extension studio-theme-dark@3.0.1
2022-02-17T18:51:30.162Z - info: Using general timeout for rendering (reportTimeout: 60000)
2022-02-17T18:51:30.163Z - info: Using fs provider for template store.
2022-02-17T18:51:30.168Z - info: fs store is persisting using fs for C:\Users\PdghProyectos\Desktop\PROYECTO\Usabi\jsreport\data
2022-02-17T18:51:30.173Z - info: fs store is loading data
2022-02-17T18:51:30.184Z - info: fs store is initialized successfully
2022-02-17T18:51:30.190Z - debug: studio default theme is: light
2022-02-17T18:51:30.265Z - info: Creating default express app.
2022-02-17T18:51:30.287Z - info: jsreport server successfully started on http port: 5488
2022-02-17T18:51:30.288Z - info: Verifying license key free
2022-02-17T18:51:30.289Z - info: Using free license
2022-02-17T18:51:30.332Z - info: Migrating templates chrome settings (waitForNetworkIddle -> waitForNetworkIdle)
2022-02-17T18:51:30.344Z - info: Migration successful
2022-02-17T18:51:30.346Z - debug: Inserting samples
2022-02-17T18:51:30.354Z - debug: Creating folder "samples" for sample entities
2022-02-17T18:51:30.371Z - debug: Inserting sample entity Invoice (entitySet: folders)
2022-02-17T18:51:30.385Z - debug: Inserting sample entity Orders (entitySet: folders)
2022-02-17T18:51:30.400Z - debug: Inserting sample entity Sales (entitySet: folders)
2022-02-17T18:51:30.418Z - debug: Inserting sample entity shared (entitySet: folders)
2022-02-17T18:51:30.434Z - debug: Inserting sample entity invoice-data (entitySet: data)
2022-02-17T18:51:30.453Z - debug: Inserting sample entity sales-data (entitySet: data)
2022-02-17T18:51:30.469Z - debug: Inserting sample entity sales-main (entitySet: templates)
2022-02-17T18:51:30.505Z - debug: Inserting sample entity invoice-main (entitySet: templates)
2022-02-17T18:51:30.524Z - debug: Inserting sample entity orders-header (entitySet: templates)
2022-02-17T18:51:30.545Z - debug: Inserting sample entity orders-main (entitySet: templates)
2022-02-17T18:51:30.560Z - debug: Inserting sample entity invoice-styles.css (entitySet: assets)
2022-02-17T18:51:30.603Z - debug: Inserting sample entity orders-styles.css (entitySet: assets)
2022-02-17T18:51:30.629Z - debug: Inserting sample entity sales-styles.css (entitySet: assets)
2022-02-17T18:51:30.654Z - debug: Inserting sample entity global helpers.js (entitySet: assets)
2022-02-17T18:51:30.679Z - debug: Inserting sample entity invoice-logo.png (entitySet: assets)
2022-02-17T18:51:30.698Z - debug: Inserting sample entity orders-script (entitySet: scripts)
2022-02-17T18:51:30.713Z - info: Initializing worker threads
2022-02-17T18:51:30.714Z - debug: Extensions in workers: base, child-templates, components, data, express, handlebars, jsrender, localization, npm, pdf-utils, reports, text, version-control, assets, browser-client, chrome-pdf, docx, html-to-xlsx, pptx, scripts, static-pdf, studio, xlsx
2022-02-17T18:51:30.968Z - info: 2 worker threads initialized in 255ms
2022-02-17T18:51:30.969Z - info: Starting temp files cleanup with 180000ms threshold
2022-02-17T18:51:30.970Z - info: reporter initialized
